proguard/seeds.txt
cn.robotium.R$color: int aas_black
cn.robotium.R$color: int aas_blue
cn.robotium.R$color: int aas_gray
cn.robotium.R$color: int aas_green
cn.robotium.R$color: int bgray
cn.robotium.R$color: int black
cn.robotium.R$color: int black_list_right
cn.robotium.R$color: int contact_group_txt
cn.robotium.R$color: int contact_nick_name_txt
cn.robotium.R$color: int contact_tab_txt
cn.robotium.R$color: int forgot_password_black
cn.robotium.R$color: int friend_bg
cn.robotium.R$color: int gray
cn.robotium.R$color: int green
cn.robotium.R$color: int huise
cn.robotium.R$color: int login_text_color
cn.robotium.R$color: int menu_left_text
cn.robotium.R$color: int menu_small_text
cn.robotium.R$color: int menu_text
cn.robotium.R$color: int mix_item_color
cn.robotium.R$color: int mix_menu_color
cn.robotium.R$color: int onebox_item_read_bg
cn.robotium.R$color: int onebox_item_unread_bg
cn.robotium.R$color: int onebox_text
cn.robotium.R$color: int password_error
cn.robotium.R$color: int rcs_main_group_bg
cn.robotium.R$color: int resgiter_black
cn.robotium.R$color: int sign_text
cn.robotium.R$color: int text_color
cn.robotium.R$color: int text_gray
cn.robotium.R$color: int translucent_background
cn.robotium.R$color: int transparent_background
cn.robotium.R$color: int white
cn.robotium.R$drawable: int add_service_bg_form_mid
cn.robotium.R$drawable: int add_service_bg_form_mid2
cn.robotium.R$drawable: int add_services_ico_assistant36
cn.robotium.R$drawable: int back_btn
cn.robotium.R$drawable: int back_btn_selected
cn.robotium.R$drawable: int back_button_selector
cn.robotium.R$drawable: int btn_white_normal
cn.robotium.R$drawable: int btn_white_selected
cn.robotium.R$drawable: int button_white
cn.robotium.R$drawable: int checkbox_bg_xml
cn.robotium.R$drawable: int delete_group_bg
cn.robotium.R$drawable: int hasread
cn.robotium.R$drawable: int ic_action_search
cn.robotium.R$drawable: int ic_launcher
cn.robotium.R$drawable: int icon
cn.robotium.R$drawable: int icon_backup
cn.robotium.R$drawable: int icontest
cn.robotium.R$drawable: int login_checkbox_normal
cn.robotium.R$drawable: int login_checkbox_selected
cn.robotium.R$drawable: int message_indicator
cn.robotium.R$drawable: int moren
cn.robotium.R$drawable: int navigation_accept
cn.robotium.R$drawable: int navigation_back
cn.robotium.R$drawable: int newlist_item_corner_bg_xml
cn.robotium.R$drawable: int nextpage
cn.robotium.R$drawable: int notread
cn.robotium.R$drawable: int rating_important
cn.robotium.R$drawable: int rating_not_important
cn.robotium.R$drawable: int read
cn.robotium.R$drawable: int relaxation_rcs_title
cn.robotium.R$drawable: int ums_red_btn_frame
cn.robotium.R$drawable: int ums_red_btn_frame_on
...
jxl.write.biff.WritableFormattingRecords
jxl.write.biff.WritableFormattingRecords: jxl.write.WritableCellFormat normalStyle
jxl.write.biff.WritableFormattingRecords: WritableFormattingRecords(jxl.biff.Fonts,jxl.write.biff.Styles)
jxl.write.biff.WritableSheetCopier
jxl.write.biff.WritableSheetCopier: jxl.common.Logger logger
jxl.write.biff.WritableSheetCopier: jxl.write.biff.WritableSheetImpl fromSheet
jxl.write.biff.WritableSheetCopier: jxl.write.biff.WritableSheetImpl toSheet
jxl.write.biff.WritableSheetCopier: jxl.WorkbookSettings workbookSettings
jxl.write.biff.WritableSheetCopier: java.util.TreeSet fromColumnFormats
jxl.write.biff.WritableSheetCopier: java.util.TreeSet toColumnFormats
jxl.write.biff.WritableSheetCopier: jxl.write.biff.MergedCells fromMergedCells
jxl.write.biff.WritableSheetCopier: jxl.write.biff.MergedCells toMergedCells
jxl.write.biff.WritableSheetCopier: jxl.write.biff.RowRecord[] fromRows
jxl.write.biff.WritableSheetCopier: java.util.ArrayList fromRowBreaks
jxl.write.biff.WritableSheetCopier: java.util.ArrayList fromColumnBreaks
jxl.write.biff.WritableSheetCopier: java.util.ArrayList toRowBreaks
jxl.write.biff.WritableSheetCopier: java.util.ArrayList toColumnBreaks
jxl.write.biff.WritableSheetCopier: jxl.biff.DataValidation fromDataValidation
jxl.write.biff.WritableSheetCopier: jxl.biff.DataValidation toDataValidation
jxl.write.biff.WritableSheetCopier: jxl.write.biff.SheetWriter sheetWriter
jxl.write.biff.WritableSheetCopier: java.util.ArrayList fromDrawings
jxl.write.biff.WritableSheetCopier: java.util.ArrayList toDrawings
jxl.write.biff.WritableSheetCopier: java.util.ArrayList toImages
jxl.write.biff.WritableSheetImpl
jxl.write.biff.WritableSheetImpl: jxl.common.Logger logger
jxl.write.biff.WritableSheetImpl: java.lang.String name
jxl.write.biff.WritableSheetImpl: jxl.write.biff.File outputFile
jxl.write.biff.WritableSheetImpl: jxl.write.biff.RowRecord[] rows
jxl.write.biff.WritableSheetImpl: jxl.biff.FormattingRecords formatRecords
jxl.write.biff.WritableSheetImpl: jxl.write.biff.SharedStrings sharedStrings
jxl.write.biff.WritableSheetImpl: java.util.TreeSet columnFormats
jxl.write.biff.WritableSheetImpl: java.util.TreeSet autosizedColumns
jxl.write.biff.WritableSheetImpl: java.util.ArrayList hyperlinks
jxl.write.biff.WritableSheetImpl: jxl.write.biff.MergedCells mergedCells
jxl.write.biff.WritableSheetImpl: int numRows
jxl.write.biff.WritableSheetImpl: int numColumns
jxl.write.biff.WritableSheetImpl: jxl.write.biff.PLSRecord plsRecord
jxl.write.biff.WritableSheetImpl: jxl.write.biff.ButtonPropertySetRecord buttonPropertySet
jxl.write.biff.WritableSheetImpl: boolean chartOnly
jxl.write.biff.WritableSheetImpl: jxl.biff.DataValidation dataValidation
jxl.write.biff.WritableSheetImpl: java.util.ArrayList rowBreaks
jxl.write.biff.WritableSheetImpl: java.util.ArrayList columnBreaks
jxl.write.biff.WritableSheetImpl: java.util.ArrayList drawings
jxl.write.biff.WritableSheetImpl: java.util.ArrayList images
jxl.write.biff.WritableSheetImpl: java.util.ArrayList conditionalFormats
jxl.write.biff.WritableSheetImpl: jxl.biff.AutoFilter autoFilter
jxl.write.biff.WritableSheetImpl$1
jxl.write.biff.WritableSheetImpl$ColumnInfoComparator
jxl.write.biff.WritableSheetImpl$ColumnInfoComparator: WritableSheetImpl$ColumnInfoComparator()
jxl.write.biff.WritableSheetImpl$ColumnInfoComparator: boolean equals(java.lang.Object)
jxl.write.biff.WritableSheetImpl$ColumnInfoComparator: int compare(java.lang.Object,java.lang.Object)
jxl.write.biff.WritableSheetImpl$ColumnInfoComparator: WritableSheetImpl$ColumnInfoComparator(jxl.write.biff.WritableSheetImpl$1)