proguard/mapping.txt
cn.robotium.AppInfo -> cn.robotium.a:
    java.lang.String appLabel -> a
    android.graphics.drawable.Drawable appIcon -> b
    java.lang.String pkgName -> c
    int ppid -> d
    int uid -> e
    int getUid() -> a
    void setUid(int) -> a
    java.lang.String getAppLabel() -> b
    void setAppLabel(java.lang.String) -> a
    android.graphics.drawable.Drawable getAppIcon() -> c
    void setAppIcon(android.graphics.drawable.Drawable) -> a
    java.lang.String getPkgName() -> d
    void setPkgName(java.lang.String) -> b
    int getPid() -> e
    void setPid(int) -> b
cn.robotium.AppListInfo -> cn.robotium.b:
    android.content.Context context -> a
    cn.robotium.AppInfo getAppInfoBypkgName(java.lang.String) -> a
    java.util.List getUserApp() -> a
    java.util.List getSysApp() -> b
    java.util.List getPackagesInfo(android.content.Context) -> a
cn.robotium.CpuInfo -> cn.robotium.c:
    long idleCPU1 -> a
    long idleCPU2 -> b
    long totalCPU1 -> c
    long totalCPU2 -> d
    long idleCPU -> e
    long totalCPU -> f
    long processCPU -> g
    long processCPU1 -> h
    long processCPU2 -> i
    double resProcessCPU -> j
    int pid -> k
    long time -> l
    long interval -> m
    cn.robotium.utils.Sleeper sleeper -> n
    void getCpuUsage(cn.robotium.bean.TestRecordBean) -> a
    void calcPorcessTotalCpuUsage() -> a
    void getTotalCpuTime() -> b
    void getProcessCpuTime() -> c
cn.robotium.MemoryInfo -> cn.robotium.d:
    cn.robotium.utils.Sleeper sleeper -> a
    void calcMemory(int,long,long,android.content.Context,cn.robotium.bean.TestRecordBean) -> a
cn.robotium.MonkeyTest -> cn.robotium.e:
cn.robotium.NetInfo -> cn.robotium.f:
    int uid -> a
    long time -> b
    java.lang.String systemNetPath -> c
    long tcp_rcv -> d
    long tcp_snd -> e
    long trafficBegin -> f
    long trafficEnd -> g
    long tracffic -> h
    double trafficResult -> i
    cn.robotium.utils.Sleeper sleeper -> j
    void calcAppNetInfo(cn.robotium.bean.TestRecordBean) -> a
    void getNetInfo() -> a
cn.robotium.adapter.ExAdapter -> cn.robotium.a.a:
    java.lang.String[] generalsTypes -> a
    android.view.LayoutInflater infater -> b
    java.util.HashMap hh -> c
    android.content.Context context -> d
    android.widget.TextView getTextView() -> a
    int getGroupCount() -> getGroupCount
    java.lang.Object getGroup(int) -> getGroup
    long getGroupId(int) -> getGroupId
    int getChildrenCount(int) -> getChildrenCount
    java.lang.Object getChild(int,int) -> getChild
    long getChildId(int,int) -> getChildId
    boolean hasStableIds() -> hasStableIds
    android.view.View getGroupView(int,boolean,android.view.View,android.view.ViewGroup) -> getGroupView
    android.view.View getChildView(int,int,boolean,android.view.View,android.view.ViewGroup) -> getChildView
    boolean isChildSelectable(int,int) -> isChildSelectable
cn.robotium.adapter.HistoryAdapter -> cn.robotium.a.b:
    android.content.Context context -> a
    java.util.List list -> b
    android.view.LayoutInflater inflater -> c
    int getCount() -> getCount
    java.lang.Object getItem(int) -> getItem
    long getItemId(int) -> getItemId
    android.view.View getView(int,android.view.View,android.view.ViewGroup) -> getView
...
jxl.BooleanCell -> jxl.BooleanCell:
    boolean getValue() -> getValue
jxl.BooleanFormulaCell -> jxl.BooleanFormulaCell:
jxl.Cell -> jxl.Cell:
    int getRow() -> getRow
    int getColumn() -> getColumn
    jxl.CellType getType() -> getType
    boolean isHidden() -> isHidden
    java.lang.String getContents() -> getContents
    jxl.format.CellFormat getCellFormat() -> getCellFormat
    jxl.CellFeatures getCellFeatures() -> getCellFeatures
jxl.CellFeatures -> jxl.CellFeatures:
    java.lang.String getComment() -> getComment
    java.lang.String getDataValidationList() -> getDataValidationList
    jxl.Range getSharedDataValidationRange() -> getSharedDataValidationRange
jxl.CellFormat -> jxl.CellFormat:
jxl.CellReferenceHelper -> jxl.CellReferenceHelper:
    void getCellReference(int,int,java.lang.StringBuffer) -> getCellReference
    void getCellReference(int,boolean,int,boolean,java.lang.StringBuffer) -> getCellReference
    java.lang.String getCellReference(int,int) -> getCellReference
    int getColumn(java.lang.String) -> getColumn
    java.lang.String getColumnReference(int) -> getColumnReference
    int getRow(java.lang.String) -> getRow
    boolean isColumnRelative(java.lang.String) -> isColumnRelative
    boolean isRowRelative(java.lang.String) -> isRowRelative
    void getCellReference(int,int,int,jxl.Workbook,java.lang.StringBuffer) -> getCellReference
    void getCellReference(int,int,int,jxl.write.WritableWorkbook,java.lang.StringBuffer) -> getCellReference
    void getCellReference(int,int,boolean,int,boolean,jxl.Workbook,java.lang.StringBuffer) -> getCellReference
    java.lang.String getCellReference(int,int,int,jxl.Workbook) -> getCellReference
    java.lang.String getCellReference(int,int,int,jxl.write.WritableWorkbook) -> getCellReference
    java.lang.String getSheet(java.lang.String) -> getSheet
    java.lang.String getCellReference(jxl.Cell) -> getCellReference
    void getCellReference(jxl.Cell,java.lang.StringBuffer) -> getCellReference
jxl.CellType -> jxl.CellType:
    java.lang.String description -> description
    jxl.CellType EMPTY -> EMPTY
    jxl.CellType LABEL -> LABEL
    jxl.CellType NUMBER -> NUMBER
    jxl.CellType BOOLEAN -> BOOLEAN
    jxl.CellType ERROR -> ERROR
    jxl.CellType NUMBER_FORMULA -> NUMBER_FORMULA
    jxl.CellType DATE_FORMULA -> DATE_FORMULA
    jxl.CellType STRING_FORMULA -> STRING_FORMULA
    jxl.CellType BOOLEAN_FORMULA -> BOOLEAN_FORMULA
    jxl.CellType FORMULA_ERROR -> FORMULA_ERROR
    jxl.CellType DATE -> DATE
    java.lang.String toString() -> toString
jxl.CellView -> jxl.CellView:
    int dimension -> dimension
    int size -> size
    boolean depUsed -> depUsed
    boolean hidden -> hidden
    jxl.format.CellFormat format -> format
    boolean autosize -> autosize
    void setHidden(boolean) -> setHidden
    boolean isHidden() -> isHidden
    void setDimension(int) -> setDimension
    void setSize(int) -> setSize
    int getDimension() -> getDimension
    int getSize() -> getSize
    void setFormat(jxl.format.CellFormat) -> setFormat
    jxl.format.CellFormat getFormat() -> getFormat
    boolean depUsed() -> depUsed
    void setAutosize(boolean) -> setAutosize
    boolean isAutosize() -> isAutosize
jxl.DateCell -> jxl.DateCell:
    java.util.Date getDate() -> getDate
    boolean isTime() -> isTime
    java.text.DateFormat getDateFormat() -> getDateFormat
jxl.DateFormulaCell -> jxl.DateFormulaCell:
jxl.ErrorCell -> jxl.ErrorCell:
    int getErrorCode() -> getErrorCode
jxl.ErrorFormulaCell -> jxl.ErrorFormulaCell:
jxl.FormulaCell -> jxl.FormulaCell:
    java.lang.String getFormula() -> getFormula